SF:lib\core\utils\app_validator.dart
DA:4,2
DA:5,2
DA:8,2
DA:9,2
DA:16,0
DA:17,0
DA:21,0
DA:22,0
DA:23,0
DA:31,2
DA:32,2
DA:36,2
DA:38,4
DA:39,1
DA:41,4
DA:42,2
DA:44,4
DA:45,1
DA:47,4
DA:48,1
DA:50,4
DA:51,2
DA:54,2
DA:57,4
DA:62,1
DA:63,1
DA:64,1
DA:69,1
DA:70,1
DA:75,3
DA:76,3
DA:79,3
DA:80,3
DA:81,3
DA:82,2
DA:83,1
DA:86,1
DA:89,0
DA:90,0
DA:94,0
DA:96,0
DA:100,0
DA:101,0
DA:108,1
DA:109,2
DA:113,1
DA:115,4
DA:119,1
DA:120,1
DA:127,1
DA:128,2
DA:132,1
DA:134,4
DA:138,1
DA:139,1
DA:146,0
DA:150,0
DA:154,0
LF:58
LH:44
end_of_record
SF:lib\core\Constant\api_constants.dart
DA:4,0
LF:1
LH:0
end_of_record
SF:lib\core\helper\api_result.dart
DA:4,5
DA:6,5
DA:11,15
DA:12,12
DA:16,1
DA:18,4
DA:19,3
DA:23,0
DA:24,0
DA:25,0
DA:28,0
DA:29,0
DA:30,0
DA:33,0
DA:34,0
DA:35,0
DA:38,0
DA:40,0
DA:45,5
DA:47,0
DA:48,0
DA:50,0
DA:51,0
DA:56,5
DA:58,0
DA:59,0
DA:61,0
DA:62,0
LF:28
LH:9
end_of_record
SF:lib\features\auth\data\datasource\remote_data_source\auth_remote_data_source_impl.dart
DA:21,1
DA:22,1
DA:24,2
DA:26,1
DA:28,2
DA:29,1
DA:33,0
DA:36,0
DA:38,0
DA:42,0
DA:44,0
DA:48,0
DA:50,0
DA:52,0
DA:55,0
DA:56,0
DA:60,0
DA:62,0
DA:64,0
DA:67,0
DA:68,0
DA:72,0
DA:77,0
DA:79,0
DA:83,0
DA:85,0
LF:26
LH:6
end_of_record
SF:lib\features\auth\data\model\login_models\login_request\login_request.dart
DA:11,4
DA:13,0
DA:14,0
DA:17,2
DA:19,1
DA:20,3
LF:6
LH:4
end_of_record
SF:lib\features\auth\data\model\login_models\login_request\login_request.g.dart
DA:9,0
DA:10,0
DA:11,0
DA:14,1
DA:15,3
LF:5
LH:2
end_of_record
SF:lib\features\auth\data\model\login_models\login_response\login_response.dart
DA:14,4
DA:16,1
DA:17,1
DA:20,0
DA:22,1
DA:23,4
LF:6
LH:5
end_of_record
SF:lib\features\auth\data\model\login_models\login_response\login_response.g.dart
DA:9,1
DA:10,1
DA:11,1
DA:13,1
DA:15,2
DA:16,1
DA:19,0
DA:20,0
DA:21,0
DA:22,0
DA:23,0
LF:11
LH:6
end_of_record
SF:lib\features\auth\data\model\login_models\login_response\user.dart
DA:22,4
DA:37,2
DA:39,0
DA:41,1
DA:43,1
DA:44,1
DA:45,1
DA:46,1
DA:47,1
DA:48,1
DA:49,1
DA:50,1
DA:51,1
DA:52,1
DA:53,1
DA:54,1
DA:55,1
LF:17
LH:16
end_of_record
SF:lib\features\auth\data\model\login_models\login_response\user.g.dart
DA:9,2
DA:10,1
DA:11,1
DA:12,1
DA:13,1
DA:14,1
DA:15,2
DA:16,2
DA:17,2
DA:18,1
DA:19,1
DA:20,1
DA:22,1
DA:24,0
DA:27,0
DA:28,0
DA:29,0
DA:30,0
DA:31,0
DA:32,0
DA:33,0
DA:34,0
DA:35,0
DA:36,0
DA:37,0
DA:38,0
DA:39,0
LF:27
LH:13
end_of_record
SF:lib\core\base_states\app_states.dart
DA:5,11
DA:6,0
DA:12,0
DA:13,0
DA:14,0
DA:15,0
DA:16,0
DA:17,0
DA:18,0
DA:19,0
DA:22,0
DA:25,0
DA:31,0
DA:32,0
DA:33,0
DA:34,0
DA:35,0
DA:36,0
DA:37,0
DA:38,0
DA:44,0
DA:51,0
DA:52,0
DA:53,0
DA:54,0
DA:55,0
DA:56,0
DA:57,0
DA:58,0
DA:61,0
DA:66,4
DA:68,0
DA:69,0
DA:71,0
DA:74,0
DA:75,0
DA:77,0
DA:78,0
DA:82,11
DA:84,0
DA:85,0
DA:87,0
DA:90,1
DA:91,1
DA:93,0
DA:97,0
DA:98,0
DA:103,4
DA:105,1
DA:107,1
DA:109,0
DA:110,0
DA:112,1
DA:113,2
DA:115,0
DA:116,0
DA:119,0
DA:120,0
DA:125,4
DA:127,1
DA:128,1
DA:130,0
DA:131,0
DA:133,1
DA:134,2
DA:136,0
DA:137,0
DA:140,0
DA:141,0
DA:144,0
DA:145,2
DA:146,2
DA:147,2
LF:73
LH:18
end_of_record
SF:lib\features\auth\domain\usecases\login_use_case.dart
DA:10,1
DA:12,1
DA:13,2
LF:3
LH:3
end_of_record
SF:lib\features\auth\data\model\forgetPassword\forgetpassword_request.dart
DA:4,0
DA:6,0
DA:7,0
DA:10,0
LF:4
LH:0
end_of_record
SF:lib\features\auth\data\model\forgetPassword\resetpassword_request.dart
DA:5,0
DA:7,0
DA:8,0
DA:9,0
DA:10,0
DA:14,0
LF:6
LH:0
end_of_record
SF:lib\features\auth\data\model\forgetPassword\resetpassword_response.dart
DA:5,0
DA:7,0
DA:8,0
DA:9,0
DA:10,0
DA:14,0
LF:6
LH:0
end_of_record
SF:lib\features\auth\data\model\forgetPassword\verify_otp_request.dart
DA:4,0
DA:6,0
DA:7,0
DA:10,0
LF:4
LH:0
end_of_record
SF:lib\features\auth\data\model\register\register_request.dart
DA:14,0
DA:28,0
DA:29,0
DA:30,0
DA:31,0
DA:32,0
DA:33,0
DA:34,0
DA:35,0
DA:36,0
DA:37,0
DA:38,0
DA:39,0
DA:40,0
DA:44,0
DA:45,0
DA:46,0
DA:47,0
DA:48,0
DA:49,0
DA:50,0
DA:51,0
DA:52,0
DA:53,0
DA:54,0
DA:55,0
LF:26
LH:0
end_of_record
SF:lib\features\auth\data\model\register\register_response\register_response.dart
DA:8,1
DA:10,0
DA:11,0
DA:12,0
DA:14,0
DA:16,0
DA:17,0
DA:21,0
DA:22,0
DA:23,0
DA:24,0
LF:11
LH:1
end_of_record
SF:lib\features\auth\data\model\register_details.dart
DA:17,1
DA:31,0
DA:32,0
DA:33,0
DA:34,0
DA:35,0
DA:36,0
DA:37,0
DA:38,0
DA:39,0
DA:40,0
DA:41,0
DA:42,0
DA:43,0
LF:14
LH:1
end_of_record
SF:lib\features\auth\data\model\forgetPassword\forgetpassword_response.dart
DA:5,0
DA:7,0
DA:8,0
DA:9,0
DA:10,0
DA:14,0
LF:6
LH:0
end_of_record
SF:lib\features\auth\data\model\forgetPassword\verify_otp_response.dart
DA:4,0
DA:6,0
DA:7,0
DA:10,0
LF:4
LH:0
end_of_record
SF:lib\features\auth\data\model\register\register_response\user.dart
DA:15,1
DA:30,0
DA:31,0
DA:32,0
DA:33,0
DA:34,0
DA:35,0
DA:36,0
DA:37,0
DA:38,0
DA:39,0
DA:40,0
DA:41,0
DA:43,0
DA:45,0
DA:48,0
DA:49,0
DA:50,0
DA:51,0
DA:52,0
DA:53,0
DA:54,0
DA:55,0
DA:56,0
DA:57,0
DA:58,0
DA:59,0
DA:60,0
LF:28
LH:1
end_of_record
SF:lib\features\auth\data\repo\auth_repo_impl.dart
DA:23,1
DA:24,1
DA:27,2
DA:28,3
DA:29,3
DA:32,2
DA:36,0
DA:39,0
DA:40,0
DA:42,0
DA:46,0
DA:48,0
DA:51,0
DA:53,0
DA:56,0
DA:61,0
DA:62,0
DA:63,0
DA:64,0
DA:68,0
LF:20
LH:6
end_of_record
SF:lib\core\helper\handel_repo_response.dart
DA:3,1
DA:5,1
DA:6,2
DA:7,2
DA:10,0
DA:14,0
DA:19,0
DA:21,0
DA:22,0
DA:27,0
DA:34,0
DA:35,0
DA:36,0
DA:37,0
DA:39,0
DA:42,0
DA:47,0
DA:53,0
DA:54,0
DA:55,0
DA:56,0
DA:58,0
DA:61,0
DA:65,0
DA:70,0
DA:71,0
DA:72,0
DA:73,0
DA:82,2
DA:84,0
DA:86,0
DA:88,0
DA:94,0
DA:96,0
DA:102,0
DA:104,0
DA:110,0
DA:112,0
DA:113,0
DA:121,0
DA:123,0
DA:124,0
DA:132,0
DA:134,0
DA:136,0
DA:140,0
DA:142,0
DA:144,0
DA:145,0
DA:147,0
DA:150,0
DA:153,0
DA:157,0
DA:159,0
DA:160,0
DA:162,0
DA:165,0
DA:169,1
DA:171,1
DA:172,2
DA:182,0
DA:184,0
DA:186,0
DA:187,0
DA:192,0
DA:196,0
DA:198,0
DA:199,0
DA:200,0
DA:201,0
DA:206,0
DA:211,0
DA:213,0
DA:215,0
DA:220,0
DA:221,0
DA:224,0
DA:225,0
LF:78
LH:8
end_of_record
SF:lib\features\app_sections\AppSections.dart
DA:9,1
DA:10,1
DA:18,1
DA:20,1
DA:21,1
DA:29,0
DA:30,0
DA:31,0
DA:35,1
DA:36,1
DA:37,2
DA:38,2
DA:39,1
DA:40,1
DA:41,2
DA:42,2
DA:43,1
DA:44,1
DA:45,1
DA:46,1
DA:50,1
DA:52,1
DA:53,1
DA:54,1
DA:55,1
DA:56,1
DA:62,1
DA:63,2
DA:64,1
DA:66,1
DA:67,0
DA:68,1
DA:69,1
DA:72,1
DA:73,1
DA:75,1
DA:77,1
DA:78,1
DA:79,1
DA:80,1
DA:81,1
DA:84,2
DA:86,1
DA:87,1
DA:88,1
DA:90,1
DA:102,1
DA:104,1
DA:106,1
DA:107,1
DA:108,3
DA:109,1
DA:111,1
LF:53
LH:49
end_of_record
SF:lib\features\app_sections\ChatAipage.dart
DA:4,4
DA:6,0
DA:7,0
DA:11,0
DA:13,0
DA:14,0
DA:16,0
LF:7
LH:1
end_of_record
SF:lib\features\app_sections\GymPage.dart
DA:4,4
DA:6,0
DA:7,0
DA:11,0
DA:13,0
DA:14,0
DA:16,0
LF:7
LH:1
end_of_record
SF:lib\features\app_sections\HomePage.dart
DA:4,4
DA:6,1
DA:7,1
DA:11,1
DA:13,1
DA:14,1
DA:16,1
LF:7
LH:7
end_of_record
SF:lib\features\app_sections\ProfilePage.dart
DA:4,4
DA:6,0
DA:7,0
DA:11,0
DA:13,0
DA:14,0
DA:16,0
LF:7
LH:1
end_of_record
SF:lib\core\responsive\responsive_manager.dart
DA:6,4
DA:7,2
DA:25,0
DA:26,0
DA:27,0
DA:28,0
DA:29,0
DA:33,0
DA:38,0
DA:39,0
DA:40,0
DA:44,4
DA:45,6
DA:46,6
DA:47,0
DA:48,0
DA:51,3
DA:52,3
DA:53,3
DA:54,0
DA:55,0
DA:56,0
DA:57,0
DA:60,2
DA:61,6
DA:64,2
DA:65,6
DA:70,1
DA:71,1
DA:72,1
DA:78,1
DA:79,1
DA:80,1
DA:87,0
LF:34
LH:18
end_of_record
SF:lib\core\theme\app_colors.dart
DA:4,0
LF:1
LH:0
end_of_record
SF:lib\core\utils\app_extensions.dart
DA:18,0
DA:19,0
DA:20,0
DA:21,0
DA:22,0
DA:23,0
DA:24,0
DA:27,0
DA:28,0
DA:29,0
DA:30,0
DA:31,0
DA:32,0
DA:33,0
DA:36,0
DA:39,0
DA:40,0
DA:41,0
DA:42,0
DA:43,0
DA:44,0
DA:45,0
DA:46,0
DA:47,0
DA:48,0
DA:49,0
DA:52,0
DA:53,0
DA:54,0
DA:55,0
DA:58,0
DA:59,0
DA:62,0
DA:63,0
DA:64,0
DA:65,0
DA:66,0
DA:67,0
DA:70,2
DA:71,0
DA:73,0
DA:74,0
DA:75,0
DA:76,0
DA:77,0
DA:78,0
DA:79,0
DA:83,0
DA:84,0
DA:87,0
DA:88,0
DA:91,0
DA:92,0
DA:95,0
DA:96,0
DA:99,0
DA:100,0
DA:103,0
DA:104,0
DA:106,0
DA:111,1
DA:112,2
DA:113,2
DA:114,1
DA:118,0
DA:119,0
DA:122,0
DA:123,0
DA:126,0
DA:127,0
DA:130,0
DA:131,0
DA:135,0
DA:146,0
DA:147,0
DA:148,0
DA:149,0
DA:155,0
DA:165,0
DA:166,0
DA:169,0
DA:175,0
DA:176,0
DA:179,0
DA:180,0
DA:183,0
DA:184,0
DA:185,0
DA:189,0
DA:190,0
DA:193,0
DA:194,0
DA:197,0
DA:198,0
DA:204,0
DA:205,0
DA:208,0
DA:209,0
DA:212,0
DA:213,0
DA:216,0
DA:217,0
DA:220,0
DA:221,0
DA:225,0
DA:226,0
DA:227,0
DA:228,0
DA:233,0
DA:244,0
DA:258,0
DA:262,0
DA:269,0
DA:275,0
DA:279,0
DA:286,0
DA:296,0
DA:301,0
DA:313,0
DA:314,0
DA:316,0
DA:317,0
DA:318,0
DA:319,0
DA:320,0
DA:325,0
DA:330,0
DA:331,0
DA:332,0
DA:333,0
DA:334,0
DA:335,0
DA:340,0
DA:341,0
DA:342,0
DA:346,0
DA:347,0
DA:349,0
DA:350,0
DA:351,0
DA:352,0
DA:353,0
DA:358,0
DA:363,0
DA:364,0
DA:365,0
DA:366,0
DA:367,0
DA:368,0
DA:373,0
DA:374,0
DA:375,0
DA:380,0
DA:381,0
DA:382,0
DA:383,0
DA:384,0
DA:385,0
DA:386,0
DA:387,0
DA:388,0
DA:389,0
DA:390,0
DA:391,0
DA:393,0
DA:394,0
DA:395,0
DA:397,0
DA:398,0
DA:404,0
DA:406,0
DA:407,0
DA:408,0
DA:410,0
DA:411,0
DA:415,0
DA:416,0
DA:417,0
DA:418,0
DA:419,0
DA:420,0
DA:421,0
DA:422,0
DA:423,0
DA:431,0
DA:432,0
DA:434,0
DA:435,0
DA:436,0
DA:437,0
DA:442,0
DA:443,0
DA:444,0
DA:445,0
DA:450,0
DA:451,0
DA:452,0
DA:453,0
DA:458,0
DA:459,0
DA:460,0
DA:461,0
DA:466,0
DA:471,0
DA:472,0
DA:473,0
DA:474,0
DA:475,0
DA:476,0
DA:481,0
DA:482,0
DA:484,0
DA:486,0
DA:491,0
DA:492,0
DA:493,0
DA:494,0
DA:505,0
DA:506,0
DA:509,0
DA:510,0
DA:512,0
DA:515,0
DA:521,0
DA:523,0
DA:525,0
DA:526,0
DA:528,0
DA:531,0
DA:532,0
DA:534,0
DA:535,0
DA:537,0
DA:538,0
DA:540,0
DA:541,0
DA:543,0
DA:545,0
DA:547,0
DA:549,0
DA:552,0
DA:555,0
DA:556,0
DA:558,0
DA:565,0
DA:566,0
DA:567,0
DA:568,0
DA:569,0
DA:570,0
DA:571,0
DA:576,0
DA:584,0
DA:585,0
DA:589,0
DA:600,0
DA:606,0
DA:607,0
DA:616,0
DA:617,0
DA:618,0
DA:619,0
DA:620,0
DA:627,0
DA:630,0
DA:636,0
DA:639,0
DA:652,8
DA:655,8
DA:658,8
DA:661,4
DA:664,0
DA:667,0
DA:670,0
DA:673,0
DA:676,0
DA:679,0
DA:682,0
DA:685,0
DA:688,0
DA:691,0
DA:694,0
DA:695,0
DA:702,0
DA:703,0
DA:704,0
DA:708,0
DA:709,0
DA:710,0
DA:714,0
DA:717,0
DA:720,0
DA:721,0
DA:725,0
DA:726,0
DA:730,0
DA:731,0
DA:733,0
DA:737,0
DA:738,0
DA:740,0
DA:744,0
DA:745,0
DA:749,0
DA:750,0
DA:752,0
DA:756,0
DA:758,0
DA:766,0
DA:768,0
DA:775,0
DA:777,0
DA:784,0
DA:785,0
DA:787,0
DA:788,0
DA:789,0
DA:792,0
DA:793,0
DA:797,0
DA:800,0
DA:803,0
DA:804,0
DA:805,0
DA:809,0
DA:810,0
DA:811,0
DA:815,0
DA:818,0
DA:821,0
DA:822,0
DA:823,0
DA:825,0
DA:832,0
DA:834,0
DA:837,0
DA:840,0
DA:841,0
DA:842,0
DA:847,0
DA:848,0
DA:849,0
DA:850,0
DA:851,0
DA:857,0
DA:858,0
DA:859,0
DA:863,0
DA:864,0
DA:866,0
DA:867,0
DA:868,0
DA:874,0
DA:875,0
DA:876,0
DA:878,0
DA:879,0
DA:881,0
DA:882,0
DA:883,0
DA:884,0
DA:885,0
DA:893,0
DA:894,0
DA:895,0
DA:900,0
DA:901,0
DA:906,0
DA:907,0
DA:915,0
DA:918,0
DA:921,0
DA:924,0
DA:925,0
DA:928,0
DA:929,0
DA:933,0
DA:934,0
DA:938,0
DA:939,0
DA:940,0
DA:945,0
DA:946,0
DA:947,0
DA:955,0
DA:956,0
DA:957,0
DA:961,0
DA:962,0
DA:963,0
DA:964,0
DA:965,0
DA:969,0
DA:970,0
DA:971,0
DA:972,0
DA:973,0
DA:977,0
DA:978,0
DA:979,0
DA:980,0
DA:984,0
DA:985,0
DA:989,0
DA:993,0
DA:994,0
DA:998,0
DA:1001,0
DA:1004,0
DA:1005,0
DA:1006,0
DA:1010,0
DA:1011,0
DA:1012,0
DA:1016,0
DA:1019,0
DA:1022,0
DA:1025,0
DA:1028,0
DA:1029,0
DA:1030,0
DA:1031,0
DA:1034,0
DA:1035,0
DA:1037,0
DA:1041,0
DA:1042,0
DA:1043,0
DA:1044,0
DA:1045,0
DA:1050,0
DA:1053,0
DA:1054,0
DA:1055,0
DA:1056,0
DA:1057,0
DA:1058,0
DA:1059,0
DA:1060,0
DA:1061,0
DA:1065,0
DA:1068,0
DA:1069,0
DA:1070,0
DA:1074,0
DA:1075,0
DA:1076,0
DA:1077,0
DA:1078,0
DA:1084,0
DA:1085,0
DA:1086,0
DA:1089,0
DA:1090,0
DA:1091,0
DA:1092,0
DA:1094,0
DA:1095,0
DA:1097,0
DA:1098,0
DA:1100,0
DA:1101,0
DA:1102,0
DA:1103,0
DA:1109,0
DA:1110,0
DA:1112,0
DA:1113,0
DA:1115,0
DA:1116,0
DA:1118,0
DA:1119,0
DA:1120,0
DA:1128,0
DA:1129,0
DA:1137,0
DA:1138,0
DA:1139,0
DA:1146,0
DA:1149,0
DA:1152,0
DA:1157,0
DA:1158,0
DA:1159,0
DA:1160,0
DA:1161,0
DA:1163,0
LF:487
LH:9
end_of_record
SF:lib\generated\l10n\app_localizations.dart
DA:65,3
DA:69,2
DA:70,2
DA:616,4
DA:618,1
DA:620,2
DA:623,1
DA:624,3
DA:626,0
DA:630,1
DA:634,1
DA:635,1
DA:636,2
DA:639,0
LF:14
LH:12
end_of_record
SF:lib\generated\l10n\app_localizations_ar.dart
DA:9,0
DA:11,0
DA:14,0
DA:17,0
DA:20,0
DA:23,0
DA:26,0
DA:29,0
DA:32,0
DA:35,0
DA:38,0
DA:41,0
DA:44,0
DA:47,0
DA:50,0
DA:53,0
DA:56,0
DA:59,0
DA:61,0
DA:64,0
DA:66,0
DA:69,0
DA:72,0
DA:75,0
DA:78,0
DA:81,0
DA:84,0
DA:87,0
DA:90,0
DA:93,0
DA:96,0
DA:99,0
DA:102,0
DA:105,0
DA:108,0
DA:111,0
DA:114,0
DA:117,0
DA:120,0
DA:123,0
DA:126,0
DA:129,0
DA:132,0
DA:135,0
DA:138,0
DA:141,0
DA:144,0
DA:146,0
DA:149,0
DA:152,0
DA:154,0
DA:157,0
DA:160,0
DA:163,0
DA:166,0
DA:169,0
DA:172,0
DA:175,0
DA:178,0
DA:181,0
DA:184,0
DA:187,0
DA:190,0
DA:193,0
DA:196,0
DA:199,0
DA:202,0
DA:205,0
DA:208,0
DA:211,0
DA:214,0
DA:217,0
DA:220,0
DA:223,0
DA:226,0
DA:229,0
DA:232,0
DA:235,0
DA:238,0
DA:241,0
DA:244,0
DA:247,0
DA:250,0
DA:253,0
DA:256,0
DA:259,0
DA:262,0
DA:265,0
DA:268,0
DA:271,0
DA:274,0
LF:91
LH:0
end_of_record
SF:lib\generated\l10n\app_localizations_en.dart
DA:9,2
DA:11,0
DA:14,0
DA:17,0
DA:20,0
DA:23,0
DA:26,0
DA:29,0
DA:32,0
DA:35,0
DA:38,0
DA:41,0
DA:44,0
DA:47,0
DA:50,0
DA:53,0
DA:56,0
DA:59,0
DA:61,0
DA:64,0
DA:66,0
DA:69,1
DA:72,1
DA:75,1
DA:78,1
DA:81,1
DA:84,1
DA:87,1
DA:90,1
DA:93,1
DA:96,1
DA:99,0
DA:102,0
DA:105,0
DA:108,0
DA:111,0
DA:114,0
DA:117,0
DA:120,0
DA:123,0
DA:126,0
DA:129,0
DA:132,0
DA:135,0
DA:138,0
DA:141,0
DA:144,0
DA:146,0
DA:149,0
DA:152,0
DA:154,0
DA:157,0
DA:160,0
DA:163,0
DA:166,0
DA:169,0
DA:172,0
DA:175,0
DA:178,0
DA:181,0
DA:184,0
DA:187,0
DA:190,0
DA:193,0
DA:196,0
DA:199,0
DA:202,0
DA:205,0
DA:208,0
DA:211,0
DA:214,0
DA:217,0
DA:220,0
DA:223,0
DA:226,0
DA:229,0
DA:232,0
DA:235,0
DA:238,0
DA:241,0
DA:244,0
DA:247,0
DA:250,0
DA:253,0
DA:256,0
DA:259,0
DA:262,0
DA:265,0
DA:268,0
DA:271,0
DA:274,0
LF:91
LH:11
end_of_record
SF:lib\features\auth\presentation\login\login_state.dart
DA:15,4
DA:26,1
DA:38,1
DA:39,1
DA:41,1
DA:42,1
DA:43,1
DA:45,1
DA:46,1
DA:48,1
DA:49,1
DA:53,1
DA:54,1
DA:55,1
DA:56,1
DA:57,1
DA:58,1
DA:59,1
DA:60,1
DA:61,1
DA:62,1
LF:21
LH:21
end_of_record
SF:lib\features\auth\presentation\login\login_view_model.dart
DA:14,2
DA:27,1
DA:29,1
DA:30,1
DA:31,1
DA:35,1
DA:36,3
DA:39,1
DA:40,3
DA:43,1
DA:44,3
DA:47,1
DA:48,1
DA:51,1
DA:52,1
DA:55,1
DA:56,1
DA:59,1
DA:60,1
DA:63,1
DA:64,1
DA:69,1
DA:70,3
DA:71,2
DA:72,1
DA:75,1
DA:76,4
DA:77,1
DA:80,1
DA:81,3
DA:82,2
DA:84,2
DA:85,2
DA:87,3
DA:89,1
DA:90,2
DA:91,1
DA:92,1
DA:93,1
DA:94,1
DA:95,1
DA:99,1
DA:102,1
DA:103,3
DA:104,1
DA:105,2
DA:106,1
DA:107,1
DA:108,1
DA:109,1
DA:110,1
DA:115,1
DA:116,1
DA:117,1
DA:118,1
DA:119,1
DA:120,2
DA:128,1
DA:129,2
DA:130,2
DA:131,1
DA:132,1
DA:133,1
DA:134,1
DA:137,1
DA:138,1
DA:140,3
DA:141,1
DA:142,3
DA:143,2
DA:146,1
DA:147,3
DA:152,1
DA:153,4
DA:156,1
DA:158,2
DA:159,2
DA:160,2
DA:161,1
LF:79
LH:79
end_of_record
SF:lib\core\helper\handle_cubit_states.dart
DA:5,1
DA:12,3
DA:15,2
DA:16,2
DA:19,1
DA:20,2
DA:23,1
DA:24,1
DA:25,4
DA:26,1
DA:27,0
DA:32,0
DA:33,0
DA:34,0
DA:37,2
DA:38,2
DA:39,2
DA:41,0
DA:42,0
DA:43,0
DA:44,0
DA:45,0
DA:50,0
DA:51,0
DA:55,0
DA:56,0
DA:57,0
DA:60,0
DA:61,0
DA:63,0
DA:64,0
DA:65,0
DA:66,0
DA:73,3
DA:75,3
DA:76,3
DA:78,2
DA:82,0
DA:84,2
DA:85,2
DA:87,0
LF:41
LH:19
end_of_record
SF:lib\features\auth\presentation\register\pages\register_details_view.dart
DA:25,0
DA:27,0
DA:28,0
DA:35,0
DA:37,0
DA:38,0
DA:39,0
DA:40,0
DA:41,0
DA:44,0
DA:46,0
DA:49,0
DA:50,0
DA:51,0
DA:52,0
DA:55,0
DA:59,0
DA:60,0
DA:61,0
DA:64,0
DA:67,0
DA:68,0
DA:69,0
DA:70,0
DA:73,0
DA:77,0
DA:79,0
DA:81,0
DA:82,0
DA:83,0
DA:84,0
DA:88,0
DA:90,0
DA:91,0
DA:92,0
DA:95,0
DA:96,0
DA:97,0
DA:102,0
DA:104,0
DA:105,0
DA:106,0
DA:107,0
DA:110,0
DA:111,0
DA:112,0
DA:118,0
DA:119,0
DA:120,0
DA:122,0
DA:123,0
DA:124,0
DA:127,0
DA:129,0
DA:130,0
DA:131,0
DA:135,0
DA:138,0
DA:139,0
DA:140,0
DA:141,0
DA:142,0
DA:144,0
DA:147,0
DA:149,0
DA:152,0
DA:157,0
DA:158,0
DA:159,0
DA:160,0
DA:161,0
DA:162,0
DA:163,0
DA:164,0
DA:165,0
DA:166,0
DA:167,0
DA:168,0
DA:169,0
DA:170,0
DA:176,0
DA:177,0
DA:179,0
DA:180,0
DA:181,0
DA:182,0
DA:183,0
DA:184,0
DA:185,0
DA:193,0
DA:194,0
DA:195,0
DA:196,0
DA:201,0
DA:202,0
DA:203,0
DA:209,0
DA:210,0
DA:211,0
DA:212,0
DA:217,0
DA:218,0
DA:219,0
DA:225,0
DA:226,0
DA:227,0
DA:228,0
DA:233,0
DA:234,0
DA:235,0
DA:241,0
DA:242,0
DA:243,0
DA:245,0
DA:248,0
DA:249,0
DA:251,0
DA:252,0
DA:253,0
DA:254,0
DA:255,0
DA:261,0
DA:262,0
DA:263,0
DA:265,0
DA:268,0
DA:269,0
DA:271,0
DA:272,0
DA:273,0
DA:274,0
DA:275,0
LF:132
LH:0
end_of_record
SF:lib\features\auth\domain\usecases\register_usecase.dart
DA:11,0
DA:13,0
DA:14,0
LF:3
LH:0
end_of_record
SF:lib\features\auth\presentation\register\bloc\register_event.dart
DA:5,1
DA:7,0
DA:8,0
DA:14,1
DA:16,0
DA:17,0
LF:6
LH:2
end_of_record
SF:lib\features\auth\presentation\register\bloc\register_bloc.dart
DA:17,2
DA:18,2
DA:21,1
DA:25,1
DA:27,3
DA:29,1
DA:30,3
DA:31,3
LF:8
LH:8
end_of_record
SF:lib\core\base_states\base_state.dart
DA:5,6
DA:9,5
DA:11,0
DA:12,0
DA:16,3
DA:18,1
DA:19,1
DA:23,1
DA:26,1
DA:27,2
DA:31,1
DA:34,1
DA:35,2
LF:13
LH:11
end_of_record
SF:lib\core\routes\app_routes.dart
DA:2,0
LF:1
LH:0
end_of_record
SF:lib\features\auth\domain\arguments\auth_pages_ui_arguments.dart
DA:15,0
DA:26,0
DA:34,1
LF:3
LH:1
end_of_record
SF:lib\features\auth\domain\entities\activity_level_option.dart
DA:8,0
DA:10,0
DA:13,0
DA:14,0
DA:15,0
DA:16,0
DA:18,0
DA:20,0
DA:21,0
LF:9
LH:0
end_of_record
SF:lib\features\auth\domain\entities\goal_option.dart
DA:8,0
DA:10,0
DA:13,0
DA:14,0
DA:15,0
DA:16,0
DA:17,0
DA:19,0
DA:21,0
LF:9
LH:0
end_of_record
SF:lib\features\auth\domain\entities\registration_steps.dart
DA:5,0
DA:6,0
DA:7,0
DA:8,0
DA:9,0
DA:10,0
DA:11,0
DA:12,0
DA:16,0
DA:17,0
DA:18,0
DA:19,0
DA:20,0
DA:21,0
DA:22,0
DA:23,0
DA:27,0
DA:28,0
DA:29,0
DA:30,0
DA:35,0
DA:36,0
DA:37,0
DA:38,0
LF:24
LH:0
end_of_record
SF:lib\features\auth\presentation\auth_common_widgets\custom_auth_view.dart
DA:19,0
DA:30,0
DA:32,0
DA:34,0
DA:35,0
DA:36,0
DA:44,0
DA:45,0
DA:46,0
DA:48,0
DA:49,0
DA:50,0
DA:52,0
DA:56,0
DA:58,0
DA:59,0
DA:60,0
DA:61,0
DA:62,0
DA:63,0
DA:64,0
DA:66,0
DA:73,0
DA:74,0
DA:77,0
DA:80,0
DA:83,0
DA:86,0
DA:87,0
DA:88,0
DA:89,0
DA:90,0
DA:95,0
DA:97,0
DA:99,0
DA:100,0
DA:101,0
DA:102,0
DA:104,0
DA:107,0
DA:112,0
DA:113,0
DA:114,0
DA:115,0
DA:117,0
DA:120,0
DA:128,0
DA:129,0
DA:130,0
DA:131,0
DA:132,0
DA:137,0
DA:138,0
DA:140,0
DA:142,0
DA:144,0
DA:147,0
DA:148,0
DA:153,0
DA:154,0
DA:155,0
DA:156,0
DA:158,0
DA:159,0
DA:160,0
DA:161,0
DA:162,0
DA:163,0
DA:164,0
DA:165,0
DA:172,0
DA:173,0
DA:174,0
LF:73
LH:0
end_of_record
SF:lib\features\auth\presentation\auth_common_widgets\social_buttons.dart
DA:7,3
DA:9,0
DA:11,0
DA:12,0
DA:13,0
DA:15,0
DA:16,0
DA:17,0
DA:18,0
DA:19,0
DA:20,0
DA:22,0
DA:25,0
DA:27,0
DA:28,0
DA:29,0
DA:32,0
DA:33,0
DA:34,0
DA:35,0
DA:37,0
DA:40,0
DA:44,0
DA:47,0
DA:49,0
DA:51,0
DA:54,0
DA:55,0
DA:58,0
DA:59,0
DA:71,0
DA:73,0
DA:75,0
DA:76,0
DA:77,0
DA:78,0
DA:80,0
LF:37
LH:1
end_of_record
SF:lib\features\auth\presentation\register\widget\step_indicator.dart
DA:10,0
DA:16,0
DA:18,0
DA:20,0
DA:21,0
DA:22,0
DA:23,0
DA:25,0
DA:26,0
DA:28,0
DA:30,0
DA:33,0
LF:12
LH:0
end_of_record
SF:lib\features\auth\presentation\register\widget\gender_step.dart
DA:13,0
DA:19,0
DA:21,0
DA:22,0
DA:23,0
DA:24,0
DA:26,0
DA:28,0
DA:29,0
DA:30,0
DA:32,0
DA:34,0
DA:36,0
DA:37,0
DA:38,0
DA:40,0
DA:42,0
DA:47,0
DA:53,0
DA:59,0
DA:61,0
DA:62,0
DA:63,0
DA:64,0
DA:65,0
DA:66,0
DA:70,0
DA:72,0
DA:76,0
DA:77,0
DA:80,0
DA:82,0
DA:83,0
LF:33
LH:0
end_of_record
SF:lib\features\auth\presentation\register\widget\number_picker_step.dart
DA:15,0
DA:26,0
DA:28,0
DA:29,0
DA:30,0
DA:31,0
DA:33,0
DA:34,0
DA:35,0
DA:37,0
DA:42,0
DA:44,0
DA:45,0
DA:46,0
DA:47,0
DA:50,0
DA:52,0
DA:53,0
DA:55,0
DA:58,0
DA:59,0
DA:60,0
DA:62,0
DA:64,0
DA:67,0
LF:25
LH:0
end_of_record
SF:lib\features\auth\presentation\register\widget\selection_option_step.dart
DA:11,0
DA:19,0
DA:26,0
DA:28,0
DA:30,0
DA:31,0
DA:32,0
DA:33,0
DA:35,0
DA:37,0
DA:38,0
DA:39,0
DA:40,0
DA:42,0
DA:43,0
DA:44,0
DA:45,0
DA:46,0
DA:55,0
DA:60,0
DA:62,0
DA:63,0
DA:65,0
DA:66,0
DA:67,0
DA:68,0
DA:69,0
DA:71,0
DA:74,0
DA:75,0
DA:76,0
DA:77,0
DA:78,0
DA:80,0
DA:82,0
DA:87,0
DA:88,0
DA:89,0
DA:90,0
DA:91,0
DA:93,0
DA:94,0
DA:95,0
DA:100,0
DA:101,0
DA:102,0
DA:103,0
LF:47
LH:0
end_of_record
SF:lib\features\auth\presentation\register\widget\password_strength_indicator.dart
DA:9,0
DA:12,0
DA:14,0
DA:16,0
DA:18,0
DA:20,0
DA:22,0
DA:25,0
DA:29,0
DA:31,0
DA:32,0
DA:33,0
DA:34,0
DA:35,0
DA:36,0
DA:37,0
DA:39,0
DA:40,0
DA:41,0
DA:42,0
LF:20
LH:0
end_of_record
SF:lib\features\auth\presentation\register\pages\register_view.dart
DA:17,1
DA:19,1
DA:20,1
DA:40,1
DA:42,1
DA:43,3
DA:44,3
DA:45,3
DA:46,3
DA:49,1
DA:51,3
DA:52,3
DA:53,3
DA:54,3
DA:56,2
DA:57,2
DA:58,2
DA:59,2
DA:60,1
DA:63,0
DA:64,0
DA:66,0
DA:67,0
DA:68,0
DA:73,0
DA:74,0
DA:76,0
DA:77,0
DA:78,0
DA:83,0
DA:84,0
DA:86,0
DA:87,0
DA:88,0
DA:93,0
DA:94,0
DA:95,0
DA:98,0
DA:99,0
DA:100,0
DA:101,0
DA:106,0
DA:107,0
DA:109,0
DA:110,0
DA:111,0
DA:112,0
DA:113,0
DA:114,0
DA:115,0
DA:116,0
DA:117,0
DA:121,0
DA:122,0
DA:124,0
DA:125,0
DA:126,0
DA:127,0
DA:128,0
DA:129,0
DA:130,0
DA:131,0
DA:134,0
DA:135,0
DA:136,0
DA:137,0
DA:138,0
DA:139,0
DA:140,0
DA:143,0
DA:145,0
DA:147,0
DA:152,1
DA:154,0
DA:156,0
DA:158,0
DA:172,1
DA:173,0
DA:175,0
DA:176,0
DA:177,1
DA:178,0
DA:180,0
DA:181,0
DA:182,0
DA:183,0
DA:185,0
DA:186,0
DA:187,0
DA:189,0
DA:197,0
DA:198,0
DA:199,0
DA:200,0
DA:202,0
DA:203,0
DA:204,0
DA:206,0
DA:209,0
DA:212,0
DA:213,0
DA:215,0
DA:216,0
DA:220,0
DA:222,0
DA:223,0
DA:224,0
DA:227,0
DA:228,0
DA:229,0
DA:231,0
DA:232,0
DA:235,0
DA:239,0
DA:242,0
DA:243,0
DA:245,0
DA:246,0
DA:250,0
DA:252,0
DA:253,0
DA:254,0
DA:257,0
DA:258,0
DA:259,0
DA:261,0
DA:262,0
DA:265,0
DA:270,0
DA:273,0
DA:274,0
DA:276,0
DA:277,0
DA:281,0
DA:283,0
DA:284,0
DA:285,0
DA:288,0
DA:289,0
DA:290,0
DA:292,0
DA:297,0
DA:300,0
DA:301,0
DA:303,0
DA:304,0
DA:305,0
DA:309,0
DA:310,0
DA:311,0
DA:313,0
DA:316,0
DA:318,0
DA:319,0
DA:320,0
DA:322,0
DA:323,0
DA:324,0
DA:326,0
DA:327,0
DA:328,0
DA:329,0
DA:330,0
DA:333,0
DA:334,0
DA:335,0
DA:337,0
DA:338,0
DA:339,0
DA:340,0
DA:341,0
DA:352,0
DA:354,0
DA:355,0
DA:356,0
DA:359,0
DA:360,0
LF:177
LH:22
end_of_record
SF:lib\features\onboarding\domain\usecase\show_onboarding_use_case.dart
DA:8,0
DA:10,0
DA:11,0
LF:3
LH:0
end_of_record
SF:lib\features\onboarding\presentation\bloc\onboarding_bloc.dart
DA:12,3
DA:13,2
DA:14,1
DA:15,2
LF:4
LH:4
end_of_record
SF:lib\features\onboarding\presentation\bloc\onboarding_state.dart
DA:4,1
DA:6,0
DA:7,0
LF:3
LH:1
end_of_record
SF:lib\features\onboarding\presentation\bloc\onboarding_event.dart
DA:4,1
DA:6,0
DA:7,0
LF:3
LH:1
end_of_record
SF:lib\features\onboarding\presentation\pages\on_boarding_page.dart
DA:8,1
DA:10,1
DA:11,1
DA:17,1
DA:19,2
DA:20,1
DA:23,1
DA:25,1
DA:27,1
DA:28,1
DA:29,3
DA:30,2
LF:12
LH:12
end_of_record
SF:lib\core\api\dio_client.dart
DA:17,0
DA:18,0
DA:19,0
DA:26,0
DA:29,0
DA:35,0
DA:36,0
DA:37,0
DA:38,0
DA:42,0
DA:49,0
DA:50,0
DA:51,0
DA:56,0
DA:60,0
DA:67,0
DA:68,0
DA:69,0
DA:74,0
DA:78,0
DA:85,0
DA:86,0
DA:87,0
DA:92,0
DA:96,0
DA:102,0
DA:103,0
DA:104,0
DA:108,0
DA:112,0
DA:113,0
DA:117,0
DA:121,0
DA:128,0
DA:130,0
DA:136,0
DA:140,0
DA:142,0
DA:144,0
DA:147,0
LF:40
LH:0
end_of_record
SF:lib\core\exceptions\failure.dart
DA:6,0
DA:8,0
DA:9,0
DA:11,0
DA:12,0
DA:16,0
DA:20,0
LF:7
LH:0
end_of_record
SF:lib\core\helper\error_handler.dart
DA:10,0
DA:11,0
DA:12,0
DA:14,0
DA:15,0
DA:16,0
DA:20,0
DA:21,0
DA:22,0
DA:23,0
DA:24,0
DA:25,0
DA:26,0
DA:27,0
DA:29,0
DA:30,0
DA:34,0
DA:35,0
DA:36,0
DA:37,0
DA:39,0
DA:40,0
DA:41,0
DA:42,0
DA:45,0
DA:48,0
DA:51,0
DA:52,0
DA:57,0
DA:58,0
DA:59,0
DA:61,0
DA:66,0
DA:67,0
DA:68,0
DA:69,0
DA:70,0
DA:71,0
DA:72,0
DA:73,0
DA:78,0
DA:80,0
DA:81,0
DA:82,0
DA:83,0
DA:84,0
DA:85,0
DA:86,0
DA:87,0
DA:88,0
DA:91,0
DA:96,0
DA:98,0
DA:99,0
DA:100,0
DA:101,0
DA:102,0
DA:103,0
DA:105,0
DA:106,0
DA:107,0
DA:109,0
DA:113,0
DA:114,0
DA:119,0
DA:121,0
LF:66
LH:0
end_of_record
SF:lib\core\api\request_result.dart
DA:6,0
DA:8,0
DA:9,0
DA:11,0
DA:12,0
DA:14,0
LF:6
LH:0
end_of_record
SF:lib\core\app_local_storage\app_local_storage_imp.dart
DA:12,0
DA:14,0
DA:17,0
DA:18,0
DA:20,0
DA:21,0
DA:29,0
DA:32,0
DA:34,0
LF:9
LH:0
end_of_record
SF:lib\core\app_local_storage\app_secure_storage_impl.dart
DA:13,0
DA:15,0
DA:17,0
DA:18,0
DA:23,0
DA:32,0
DA:34,0
DA:36,0
DA:37,0
DA:38,0
DA:43,0
DA:48,0
DA:50,0
DA:52,0
DA:53,0
DA:54,0
DA:59,0
DA:60,0
DA:68,0
DA:70,0
DA:72,0
DA:73,0
DA:74,0
DA:79,0
DA:84,0
DA:86,0
DA:88,0
DA:89,0
DA:91,0
DA:96,0
DA:98,0
DA:100,0
DA:101,0
DA:102,0
DA:106,0
DA:107,0
DA:115,0
DA:117,0
DA:119,0
DA:120,0
DA:122,0
DA:127,0
DA:129,0
DA:131,0
DA:132,0
DA:134,0
DA:139,0
DA:141,0
DA:143,0
DA:144,0
DA:146,0
DA:147,0
DA:155,0
DA:157,0
DA:158,0
DA:162,0
DA:163,0
DA:165,0
DA:170,0
DA:172,0
DA:176,0
DA:178,0
DA:180,0
DA:186,0
DA:188,0
DA:190,0
DA:191,0
DA:193,0
DA:198,0
DA:200,0
DA:202,0
DA:203,0
DA:204,0
DA:209,0
LF:74
LH:0
end_of_record
SF:lib\core\app_manger\bloc_handler_mixin.dart
DA:8,0
DA:17,0
DA:18,0
DA:20,0
DA:21,0
DA:22,0
DA:24,0
DA:28,0
DA:30,0
DA:31,0
DA:32,0
DA:33,0
DA:51,0
DA:52,0
DA:53,0
DA:54,0
DA:61,0
DA:64,0
DA:65,0
DA:71,0
DA:72,0
DA:73,0
DA:74,0
LF:23
LH:0
end_of_record
SF:lib\features\auth\data\datasource\local_data_source\auth_local_data_source_impl.dart
DA:15,0
DA:18,0
DA:20,0
DA:23,0
DA:25,0
DA:28,0
DA:30,0
DA:33,0
DA:36,0
DA:38,0
DA:44,0
DA:46,0
DA:49,0
DA:51,0
DA:55,0
DA:57,0
LF:16
LH:0
end_of_record
SF:lib\features\auth\domain\usecases\forgot_password_use_case.dart
DA:10,0
DA:12,0
DA:13,0
LF:3
LH:0
end_of_record
SF:lib\features\auth\domain\usecases\reset_password_use_case.dart
DA:10,0
DA:12,0
DA:13,0
LF:3
LH:0
end_of_record
SF:lib\features\auth\domain\usecases\verify_otp_use_case.dart
DA:10,0
DA:12,0
DA:13,0
LF:3
LH:0
end_of_record
SF:lib\features\auth\presentation\forget_password\bloc\forget_password_bloc.dart
DA:21,0
DA:25,0
DA:26,0
DA:28,0
DA:33,0
DA:34,0
DA:35,0
DA:36,0
DA:37,0
DA:39,0
DA:43,0
DA:44,0
DA:45,0
DA:47,0
DA:53,0
DA:58,0
DA:59,0
DA:60,0
DA:61,0
DA:63,0
DA:64,0
DA:65,0
DA:67,0
DA:73,0
DA:77,0
DA:79,0
DA:80,0
DA:81,0
DA:82,0
DA:85,0
DA:87,0
DA:88,0
DA:90,0
DA:96,0
DA:101,0
DA:102,0
DA:104,0
DA:106,0
DA:107,0
DA:109,0
DA:115,0
DA:116,0
DA:117,0
DA:118,0
DA:119,0
LF:45
LH:0
end_of_record
SF:lib\features\onboarding\data\repo\onboarding_repo_imp.dart
DA:10,0
DA:12,0
DA:14,0
LF:3
LH:0
end_of_record
SF:lib\core\routes\navigation_obsevation.dart
DA:6,0
DA:9,0
DA:13,0
DA:15,0
DA:16,0
DA:19,0
DA:21,0
DA:22,0
DA:25,0
DA:27,0
DA:28,0
LF:11
LH:0
end_of_record
SF:lib\core\services\shared_prefs.dart
DA:6,0
DA:7,0
DA:8,0
DA:12,0
DA:13,0
DA:14,0
LF:6
LH:0
end_of_record
SF:lib\core\utils\app_navigator_observer.dart
DA:5,0
DA:8,0
DA:12,0
DA:14,0
DA:15,0
DA:18,0
DA:20,0
DA:21,0
DA:24,0
DA:26,0
DA:27,0
LF:11
LH:0
end_of_record
SF:lib\core\utils\navigation_services.dart
DA:15,0
DA:16,0
DA:18,0
DA:19,0
DA:22,0
DA:23,0
DA:26,0
DA:31,0
DA:38,0
DA:43,0
DA:50,0
DA:51,0
DA:54,0
DA:55,0
DA:58,0
DA:59,0
DA:62,0
DA:63,0
DA:64,0
DA:68,0
DA:69,0
DA:72,0
DA:73,0
DA:76,0
DA:77,0
LF:25
LH:0
end_of_record
SF:lib\core\di\register_module.dart
DA:6,0
DA:7,0
LF:2
LH:0
end_of_record
SF:lib\core\di\di.dart
DA:5,3
DA:7,0
DA:12,0
LF:3
LH:1
end_of_record
SF:lib\core\generated\assets.dart
DA:3,0
LF:1
LH:0
end_of_record
SF:lib\core\services\connectivity_service.dart
DA:6,0
DA:7,0
DA:9,0
LF:3
LH:0
end_of_record
SF:lib\core\services\api_localization_service.dart
DA:6,0
DA:7,0
DA:8,0
DA:13,0
DA:14,0
DA:15,0
DA:18,0
DA:19,0
DA:20,0
DA:21,0
DA:22,0
DA:25,0
DA:26,0
DA:29,0
DA:30,0
DA:31,0
DA:33,0
DA:34,0
DA:37,0
DA:38,0
DA:39,0
DA:40,0
DA:41,0
DA:42,0
DA:43,0
DA:44,0
DA:45,0
DA:46,0
DA:47,0
DA:48,0
DA:49,0
DA:50,0
DA:51,0
DA:52,0
DA:53,0
DA:54,0
DA:55,0
DA:56,0
DA:57,0
DA:58,0
DA:59,0
DA:60,0
DA:61,0
DA:62,0
DA:63,0
DA:64,0
DA:65,0
DA:66,0
DA:67,0
DA:68,0
DA:69,0
DA:70,0
DA:76,0
DA:78,0
DA:80,0
DA:81,0
LF:56
LH:0
end_of_record
SF:lib\core\responsive\responsive_design.dart
DA:7,2
DA:27,0
DA:28,0
DA:29,0
DA:30,0
DA:31,0
DA:32,0
DA:33,0
DA:36,0
DA:37,0
DA:54,0
DA:55,0
DA:56,0
DA:57,3
DA:58,0
DA:59,0
DA:60,0
DA:61,0
DA:62,0
DA:63,0
DA:77,0
DA:78,0
DA:79,0
DA:80,0
DA:81,0
DA:82,0
DA:99,3
DA:105,0
DA:106,0
DA:118,0
DA:119,0
DA:122,0
DA:123,0
DA:130,0
DA:131,0
DA:160,0
DA:161,0
DA:186,0
DA:187,0
DA:192,0
DA:195,0
DA:198,0
DA:201,0
DA:204,0
DA:205,0
DA:208,0
DA:209,0
DA:210,0
DA:211,0
DA:212,0
DA:213,0
DA:214,0
DA:215,0
DA:216,0
DA:221,0
DA:222,0
DA:225,0
DA:226,0
DA:234,0
DA:235,0
DA:240,0
DA:241,3
DA:242,3
DA:243,0
DA:244,3
DA:247,0
DA:248,0
DA:249,0
DA:250,0
DA:251,0
DA:252,3
DA:255,0
DA:256,0
DA:257,0
LF:74
LH:7
end_of_record
SF:lib\core\responsive\responsive_extensions.dart
DA:9,0
DA:11,0
DA:12,0
DA:19,0
DA:21,0
DA:22,0
DA:23,0
DA:24,0
DA:25,0
DA:30,0
DA:32,0
DA:33,0
DA:36,0
DA:38,0
DA:40,0
DA:41,0
DA:42,0
DA:43,0
DA:44,0
DA:45,0
DA:50,0
DA:52,0
DA:53,0
DA:55,0
DA:56,0
DA:57,0
DA:58,0
DA:59,0
DA:61,0
LF:29
LH:0
end_of_record
SF:lib\core\theme\app_font_style.dart
DA:5,0
DA:6,0
DA:7,0
LF:3
LH:0
end_of_record
SF:lib\core\theme\app_theme.dart
DA:9,0
DA:12,0
DA:15,0
DA:33,0
DA:38,0
DA:39,0
DA:42,0
DA:44,0
DA:48,0
DA:50,0
DA:51,0
DA:53,0
DA:57,0
DA:58,0
DA:60,0
DA:64,0
DA:65,0
DA:67,0
DA:73,0
DA:74,0
DA:76,0
DA:80,0
DA:81,0
DA:83,0
DA:87,0
DA:88,0
DA:90,0
DA:96,0
DA:97,0
DA:99,0
DA:103,0
DA:104,0
DA:106,0
DA:110,0
DA:111,0
DA:113,0
DA:119,0
DA:120,0
DA:122,0
DA:126,0
DA:127,0
DA:129,0
DA:133,0
DA:134,0
DA:136,0
DA:143,0
DA:144,0
DA:147,0
DA:150,0
DA:151,0
DA:154,0
DA:155,0
DA:156,0
DA:160,0
DA:165,0
DA:166,0
DA:168,0
DA:169,0
DA:170,0
DA:172,0
DA:173,0
DA:174,0
DA:176,0
DA:177,0
DA:178,0
DA:181,0
DA:186,0
DA:187,0
DA:189,0
DA:190,0
DA:192,0
DA:195,0
DA:196,0
DA:197,0
DA:203,0
DA:205,0
DA:206,0
DA:207,0
DA:208,0
DA:212,0
DA:213,0
DA:214,0
DA:216,0
DA:217,0
DA:218,0
DA:220,0
DA:221,0
DA:222,0
DA:224,0
DA:225,0
DA:226,0
DA:228,0
DA:229,0
DA:230,0
DA:234,0
DA:235,0
DA:236,0
DA:238,0
DA:240,0
DA:241,0
DA:242,0
DA:244,0
DA:246,0
DA:248,0
DA:250,0
DA:254,0
DA:255,0
DA:259,0
DA:262,0
DA:263,0
DA:265,0
DA:266,0
DA:269,0
DA:271,0
DA:272,0
DA:274,0
DA:279,0
DA:282,0
DA:283,0
DA:288,0
DA:291,0
DA:293,0
DA:294,0
DA:296,0
DA:306,0
DA:307,0
DA:308,0
DA:314,0
DA:315,0
DA:316,0
DA:321,0
DA:322,0
DA:323,0
DA:328,0
DA:329,0
DA:337,0
DA:340,0
DA:341,0
DA:342,0
DA:343,0
DA:348,0
DA:352,0
DA:371,0
DA:375,0
DA:376,0
DA:377,0
DA:378,0
DA:379,0
DA:380,0
DA:381,0
DA:384,0
DA:385,0
DA:386,0
DA:387,0
DA:393,0
DA:394,0
DA:398,1
DA:399,1
DA:402,1
DA:403,1
DA:404,1
DA:407,1
DA:408,1
DA:409,1
DA:411,1
DA:413,1
DA:415,1
DA:416,1
DA:423,1
DA:424,1
DA:426,1
DA:428,1
DA:430,1
DA:431,1
DA:432,1
DA:435,1
DA:436,1
DA:437,1
DA:439,1
DA:441,1
DA:443,1
DA:444,1
DA:451,0
DA:452,0
DA:453,0
DA:456,0
DA:457,0
DA:458,0
DA:459,0
DA:460,0
DA:463,0
DA:464,0
DA:469,0
DA:476,0
DA:479,0
DA:480,0
DA:481,0
DA:484,0
DA:485,0
DA:488,0
DA:490,0
DA:496,0
DA:497,0
DA:499,0
DA:505,0
DA:506,0
DA:507,0
DA:509,0
DA:510,0
DA:511,0
DA:513,0
DA:514,0
DA:515,0
DA:517,0
DA:518,0
DA:519,0
DA:521,0
DA:522,0
DA:523,0
DA:531,0
DA:536,0
DA:537,0
DA:544,0
DA:549,0
DA:550,0
DA:552,0
DA:553,0
DA:554,0
DA:559,0
DA:560,0
DA:564,0
DA:565,0
DA:569,0
DA:571,0
DA:573,0
DA:575,0
DA:577,0
LF:237
LH:26
end_of_record
SF:lib\features\auth\presentation\forget_password\bloc\forget_password_event.dart
DA:5,0
DA:12,0
DA:14,0
DA:15,0
DA:21,0
DA:23,0
DA:24,0
DA:30,0
DA:32,0
DA:33,0
DA:39,0
DA:41,0
DA:42,0
LF:13
LH:0
end_of_record
SF:lib\features\auth\presentation\forget_password\bloc\forget_password_state.dart
DA:14,0
DA:23,0
DA:31,0
DA:32,0
DA:33,0
DA:34,0
DA:35,0
DA:38,0
DA:39,0
DA:40,0
DA:44,0
DA:45,0
DA:46,0
DA:47,0
DA:48,0
DA:49,0
DA:50,0
DA:51,0
LF:18
LH:0
end_of_record
SF:lib\features\login\presentation\pages\login_page.dart
DA:4,2
DA:6,1
LF:2
LH:2
end_of_record
SF:lib\features\onboarding\presentation\widgets\on_boarding_body.dart
DA:7,1
DA:11,1
DA:13,1
DA:20,1
DA:21,1
DA:22,1
DA:23,1
DA:25,1
DA:26,1
DA:27,1
DA:28,1
DA:30,1
DA:32,2
DA:33,2
DA:36,1
DA:37,1
DA:39,1
DA:41,2
DA:42,2
DA:44,1
DA:45,1
DA:47,1
DA:49,2
DA:50,2
LF:24
LH:24
end_of_record
SF:lib\features\onboarding\presentation\widgets\page_view_item.dart
DA:9,1
DA:24,1
DA:26,1
DA:27,1
DA:28,5
DA:29,1
DA:30,1
DA:31,3
DA:32,1
DA:36,1
DA:37,1
DA:38,2
DA:39,1
DA:40,1
DA:43,1
DA:45,1
DA:46,1
DA:47,3
DA:48,1
DA:50,4
DA:55,2
DA:56,1
DA:57,3
DA:58,1
DA:60,1
DA:62,3
DA:64,2
DA:65,1
DA:66,1
DA:77,0
DA:78,0
DA:85,2
DA:86,3
LF:33
LH:31
end_of_record
SF:lib\features\onboarding\presentation\widgets\on_boarding_buttons.dart
DA:13,1
DA:19,1
DA:21,1
DA:22,1
DA:23,1
DA:24,1
DA:26,1
DA:27,1
DA:28,2
DA:33,2
DA:35,1
DA:36,1
DA:38,1
DA:39,1
DA:40,1
DA:41,1
DA:43,1
DA:44,1
DA:45,2
DA:50,2
DA:53,1
DA:54,1
DA:55,1
DA:58,1
DA:59,1
DA:60,2
DA:65,2
DA:70,1
DA:71,1
DA:73,1
DA:74,1
DA:75,1
DA:76,1
DA:78,1
DA:79,1
DA:80,2
DA:85,2
DA:88,1
DA:89,1
DA:90,1
DA:92,1
DA:93,1
DA:94,3
DA:95,1
DA:97,2
LF:45
LH:45
end_of_record
SF:lib\features\onboarding\presentation\widgets\skip_widget.dart
DA:10,1
DA:12,1
DA:14,1
DA:16,1
DA:17,1
DA:18,1
DA:19,1
DA:20,1
DA:22,1
DA:24,1
DA:25,3
DA:26,1
DA:28,1
DA:29,2
DA:30,4
LF:15
LH:15
end_of_record
